<?xml version="1.0" encoding="UTF-8"?>
<testng-results ignored="0" total="1" passed="1" failed="0" skipped="0">
  <reporter-output>
  </reporter-output>
  <suite started-at="2020-04-15T07:52:47Z" name="Default suite" finished-at="2020-04-15T07:53:25Z" duration-ms="38285">
    <groups>
    </groups>
    <test started-at="2020-04-15T07:52:47Z" name="Default test" finished-at="2020-04-15T07:53:25Z" duration-ms="38285">
      <class name="gmailSample.Gradleclass">
        <test-method is-config="true" signature="before()[pri:0, instance:gmailSample.Gradleclass@35083305]" started-at="2020-04-15T00:52:47Z" name="before" finished-at="2020-04-15T00:53:20Z" duration-ms="33317" status="PASS">
          <reporter-output>
          </reporter-output>
        </test-method> <!-- before -->
        <test-method signature="gmailLogin()[pri:0, instance:gmailSample.Gradleclass@35083305]" started-at="2020-04-15T00:53:20Z" name="gmailLogin" finished-at="2020-04-15T00:53:25Z" duration-ms="4735" status="PASS">
          <reporter-output>
          </reporter-output>
        </test-method> <!-- gmailLogin -->
      </class> <!-- gmailSample.Gradleclass -->
    </test> <!-- Default test -->
  </suite> <!-- Default suite -->
</testng-results>
